[13Sep2024 20:02:25.449] [main/INFO] [cpw.mods.modlauncher.Launcher/MODLAUNCHER]: ModLauncher running: args [--launchTarget, forgeclientuserdev, --version, 21.1.1, --assetIndex, asset-index, --assetsDir, C:\Users\UwU\.mcreator\gradle\caches\minecraft\assets\1.21.1, --gameDir, ., --fml.neoForgeVersion, 21.1.1, --fml.fmlVersion, 4.0.24, --fml.mcVersion, 1.21.1, --fml.neoFormVersion, 20240808.144430]
[13Sep2024 20:02:25.458] [main/INFO] [cpw.mods.modlauncher.Launcher/MODLAUNCHER]: JVM identified as Eclipse Adoptium OpenJDK 64-Bit Server VM 21.0.3+9-LTS
[13Sep2024 20:02:25.460] [main/INFO] [cpw.mods.modlauncher.Launcher/MODLAUNCHER]: ModLauncher 11.0.4+main.d2e20e43 starting: java version 21.0.3 by Eclipse Adoptium; OS Windows 10 arch amd64 version 10.0
[13Sep2024 20:02:25.575] [main/INFO] [net.neoforged.fml.loading.ImmediateWindowHandler/]: Loading ImmediateWindowProvider fmlearlywindow
[13Sep2024 20:02:25.673] [main/INFO] [EARLYDISPLAY/]: Trying GL version 4.6
[13Sep2024 20:02:25.811] [main/INFO] [EARLYDISPLAY/]: Requested GL version 4.6 got version 4.6
[13Sep2024 20:02:25.901] [main/INFO] [mixin/]: SpongePowered MIXIN Subsystem Version=0.8.6 Source=union:/C:/Users/UwU/.mcreator/gradle/caches/modules-2/files-2.1/net.fabricmc/sponge-mixin/0.14.0+mixin.0.8.6/c265173c84346e9e5d42a2384b2b02bd39a4a899/sponge-mixin-0.14.0+mixin.0.8.6.jar%23135!/ Service=ModLauncher Env=CLIENT
[13Sep2024 20:02:26.122] [main/INFO] [net.neoforged.fml.loading.moddiscovery.ModDiscoverer/SCAN]: Found mod file "neoforge-21.1.1.jar" [locator: neoforge devenv provider ([C:\Users\UwU\MCreatorWorkspaces\mobs_levels\.gradle\repositories\ng_dummy_ng\net\neoforged\neoforge\21.1.1\neoforge-21.1.1.jar])]
[13Sep2024 20:02:26.141] [main/INFO] [net.neoforged.fml.loading.moddiscovery.ModDiscoverer/SCAN]: Found mod file "neoforge-21.1.1.jar" [locator: neoforge devenv provider ([C:\Users\UwU\MCreatorWorkspaces\mobs_levels\.gradle\repositories\ng_dummy_ng\net\neoforged\neoforge\21.1.1\neoforge-21.1.1.jar])]
[13Sep2024 20:02:26.151] [pool-2-thread-1/INFO] [EARLYDISPLAY/]: GL info: NVIDIA GeForce RTX 3050/PCIe/SSE2 GL version 4.6.0 NVIDIA 561.09, NVIDIA Corporation
[13Sep2024 20:02:26.154] [main/INFO] [net.neoforged.fml.loading.moddiscovery.ModDiscoverer/SCAN]: Found mod file "main" [locator: userdev mods and services, reader: mod manifest]
[13Sep2024 20:02:26.184] [main/INFO] [net.neoforged.fml.loading.moddiscovery.ModDiscoverer/SCAN]: Found mod file "neoforge-21.1.1.jar" [locator: userdev mods and services, reader: mod manifest]
[13Sep2024 20:02:26.212] [main/INFO] [net.neoforged.fml.loading.moddiscovery.ModDiscoverer/SCAN]: Found gamelibrary file "mixinextras-neoforge-0.3.5.jar" [locator: userdev mods and services, reader: mod manifest]
[13Sep2024 20:02:26.373] [main/WARN] [net.neoforged.jarjar.selection.JarSelector/]: Attempted to select a dependency jar for JarJar which was passed in as source: mixinextras-neoforge-0.3.5.jar. Using Mod File: C:\Users\UwU\.mcreator\gradle\caches\modules-2\files-2.1\io.github.llamalad7\mixinextras-neoforge\0.3.5\ef3ffcf309dae656517b2f120189b1c9b21737dd\mixinextras-neoforge-0.3.5.jar
[13Sep2024 20:02:26.373] [main/INFO] [net.neoforged.fml.loading.moddiscovery.locators.JarInJarDependencyLocator/]: No dependencies to load found. Skipping!
[13Sep2024 20:02:26.560] [main/INFO] [net.neoforged.fml.loading.FMLServiceProvider/CORE]: Loading coremod script-engine for [neoforge]
[13Sep2024 20:02:27.260] [main/INFO] [cpw.mods.modlauncher.LaunchServiceHandler/MODLAUNCHER]: Launching target 'forgeclientuserdev' with arguments [--version, 21.1.1, --gameDir, ., --assetsDir, C:\Users\UwU\.mcreator\gradle\caches\minecraft\assets\1.21.1, --assetIndex, asset-index]
[13Sep2024 20:02:28.564] [Datafixer Bootstrap/INFO] [com.mojang.datafixers.DataFixerBuilder/]: 229 Datafixer optimizations took 346 milliseconds
[13Sep2024 20:02:28.716] [pool-7-thread-1/INFO] [MixinExtras|Service/]: Initializing MixinExtras via com.llamalad7.mixinextras.service.MixinExtrasServiceImpl(version=0.3.5).
[13Sep2024 20:02:33.174] [main/WARN] [net.minecraft.commands.Commands/]: Ambiguity between arguments [teleport, location] and [teleport, destination] with inputs: [0.1 -0.5 .9, 0 0 0]
[13Sep2024 20:02:33.175] [main/WARN] [net.minecraft.commands.Commands/]: Ambiguity between arguments [teleport, location] and [teleport, targets] with inputs: [0.1 -0.5 .9, 0 0 0]
[13Sep2024 20:02:33.178] [main/WARN] [net.minecraft.commands.Commands/]: Ambiguity between arguments [teleport, destination] and [teleport, targets] with inputs: [Player, 0123, @e, dd12be42-52a9-4a91-a8a1-11c01849e498]
[13Sep2024 20:02:33.179] [main/WARN] [net.minecraft.commands.Commands/]: Ambiguity between arguments [teleport, targets] and [teleport, destination] with inputs: [Player, 0123, dd12be42-52a9-4a91-a8a1-11c01849e498]
[13Sep2024 20:02:33.180] [main/WARN] [net.minecraft.commands.Commands/]: Ambiguity between arguments [teleport, targets, location] and [teleport, targets, destination] with inputs: [0.1 -0.5 .9, 0 0 0]
[13Sep2024 20:02:33.304] [Render thread/WARN] [net.minecraft.server.packs.VanillaPackResourcesBuilder/]: Assets URL 'union:/C:/Users/UwU/MCreatorWorkspaces/mobs_levels/.gradle/repositories/ng_dummy_ng/net/neoforged/neoforge/21.1.1/neoforge-21.1.1.jar%23189!/assets/.mcassetsroot' uses unexpected schema
[13Sep2024 20:02:33.304] [Render thread/WARN] [net.minecraft.server.packs.VanillaPackResourcesBuilder/]: Assets URL 'union:/C:/Users/UwU/MCreatorWorkspaces/mobs_levels/.gradle/repositories/ng_dummy_ng/net/neoforged/neoforge/21.1.1/neoforge-21.1.1.jar%23189!/data/.mcassetsroot' uses unexpected schema
[13Sep2024 20:02:33.326] [Render thread/INFO] [com.mojang.authlib.yggdrasil.YggdrasilAuthenticationService/]: Environment: Environment[sessionHost=https://sessionserver.mojang.com, servicesHost=https://api.minecraftservices.com, name=PROD]
[13Sep2024 20:02:33.333] [Render thread/INFO] [net.minecraft.client.Minecraft/]: Setting user: Dev
[13Sep2024 20:02:33.439] [Render thread/INFO] [net.minecraft.client.Minecraft/]: Backend library: LWJGL version 3.3.3+5
[13Sep2024 20:02:33.640] [modloading-worker-0/INFO] [net.neoforged.neoforge.common.NeoForgeMod/NEOFORGE-MOD]: NeoForge mod loading, version 21.1.1, for MC 1.21.1
[13Sep2024 20:02:33.915] [modloading-sync-worker/WARN] [net.neoforged.fml.config.ConfigTracker/CONFIG]: Configuration file C:\Users\UwU\MCreatorWorkspaces\mobs_levels\runs\client\config\AscendantMobs\main_config.toml is not correct. Correcting
[13Sep2024 20:02:33.923] [modloading-sync-worker/WARN] [net.neoforged.fml.config.ConfigTracker/CONFIG]: Configuration file C:\Users\UwU\MCreatorWorkspaces\mobs_levels\runs\client\config\AscendantMobs\list_config.toml is not correct. Correcting
[13Sep2024 20:02:34.304] [Render thread/INFO] [net.neoforged.neoforge.gametest.GameTestHooks/]: Enabled Gametest Namespaces: []
[13Sep2024 20:02:34.449] [Render thread/INFO] [net.minecraft.server.packs.resources.ReloadableResourceManager/]: Reloading ResourceManager: vanilla, mod_resources, mod/neoforge, mod/ascendant_mobs
[13Sep2024 20:02:34.528] [Worker-Main-4/INFO] [net.minecraft.client.gui.font.providers.UnihexProvider/]: Found unifont_all_no_pua-15.1.05.hex, loading
[13Sep2024 20:02:34.671] [Worker-Main-8/INFO] [net.minecraft.client.gui.font.providers.UnihexProvider/]: Found unifont_jp_patch-15.1.05.hex, loading
[13Sep2024 20:02:34.723] [Worker-Main-11/WARN] [net.minecraft.client.renderer.texture.SpriteLoader/]: Texture ascendant_mobs:item/calender with size 729x735 limits mip level from 2 to 0
[13Sep2024 20:02:35.786] [Render thread/WARN] [net.minecraft.client.sounds.SoundEngine/]: Missing sound for event: minecraft:item.goat_horn.play
[13Sep2024 20:02:35.787] [Render thread/WARN] [net.minecraft.client.sounds.SoundEngine/]: Missing sound for event: minecraft:entity.goat.screaming.horn_break
[13Sep2024 20:02:35.846] [Render thread/INFO] [com.mojang.blaze3d.audio.Library/]: OpenAL initialized on device OpenAL Soft on Speakers (High Definition Audio Device)
[13Sep2024 20:02:35.846] [Render thread/INFO] [net.minecraft.client.sounds.SoundEngine/SOUNDS]: Sound engine started
[13Sep2024 20:02:35.949] [Render thread/INFO] [net.minecraft.client.renderer.texture.TextureAtlas/]: Created: 1024x1024x2 minecraft:textures/atlas/blocks.png-atlas
[13Sep2024 20:02:35.959] [Render thread/INFO] [net.minecraft.client.renderer.texture.TextureAtlas/]: Created: 256x256x2 minecraft:textures/atlas/signs.png-atlas
[13Sep2024 20:02:35.959] [Render thread/INFO] [net.minecraft.client.renderer.texture.TextureAtlas/]: Created: 512x512x2 minecraft:textures/atlas/banner_patterns.png-atlas
[13Sep2024 20:02:35.960] [Render thread/INFO] [net.minecraft.client.renderer.texture.TextureAtlas/]: Created: 512x512x2 minecraft:textures/atlas/shield_patterns.png-atlas
[13Sep2024 20:02:35.960] [Render thread/INFO] [net.minecraft.client.renderer.texture.TextureAtlas/]: Created: 1024x1024x2 minecraft:textures/atlas/armor_trims.png-atlas
[13Sep2024 20:02:35.963] [Render thread/INFO] [net.minecraft.client.renderer.texture.TextureAtlas/]: Created: 256x256x2 minecraft:textures/atlas/chest.png-atlas
[13Sep2024 20:02:35.964] [Render thread/INFO] [net.minecraft.client.renderer.texture.TextureAtlas/]: Created: 128x64x2 minecraft:textures/atlas/decorated_pot.png-atlas
[13Sep2024 20:02:35.964] [Render thread/INFO] [net.minecraft.client.renderer.texture.TextureAtlas/]: Created: 512x256x2 minecraft:textures/atlas/beds.png-atlas
[13Sep2024 20:02:35.965] [Render thread/INFO] [net.minecraft.client.renderer.texture.TextureAtlas/]: Created: 512x256x2 minecraft:textures/atlas/shulker_boxes.png-atlas
[13Sep2024 20:02:36.143] [Render thread/INFO] [net.minecraft.client.renderer.texture.TextureAtlas/]: Created: 512x256x0 minecraft:textures/atlas/particles.png-atlas
[13Sep2024 20:02:36.144] [Render thread/INFO] [net.minecraft.client.renderer.texture.TextureAtlas/]: Created: 512x256x0 minecraft:textures/atlas/paintings.png-atlas
[13Sep2024 20:02:36.144] [Render thread/INFO] [net.minecraft.client.renderer.texture.TextureAtlas/]: Created: 256x128x0 minecraft:textures/atlas/mob_effects.png-atlas
[13Sep2024 20:02:36.144] [Render thread/INFO] [net.minecraft.client.renderer.texture.TextureAtlas/]: Created: 64x64x0 minecraft:textures/atlas/map_decorations.png-atlas
[13Sep2024 20:02:36.145] [Render thread/INFO] [net.minecraft.client.renderer.texture.TextureAtlas/]: Created: 1024x512x0 minecraft:textures/atlas/gui.png-atlas
[13Sep2024 20:02:36.257] [Render thread/WARN] [net.minecraft.client.renderer.ShaderInstance/]: Shader rendertype_entity_translucent_emissive could not find sampler named Sampler2 in the specified shader program.
[13Sep2024 20:02:45.919] [Render thread/INFO] [net.minecraft.world.item.crafting.RecipeManager/]: Loaded 1291 recipes
[13Sep2024 20:02:46.069] [Render thread/INFO] [net.minecraft.advancements.AdvancementTree/]: Loaded 1399 advancements
[13Sep2024 20:03:00.592] [Server thread/INFO] [net.minecraft.client.server.IntegratedServer/]: Starting integrated minecraft server version 1.21.1
[13Sep2024 20:03:00.593] [Server thread/INFO] [net.minecraft.server.MinecraftServer/]: Generating keypair
[13Sep2024 20:03:02.973] [Server thread/INFO] [net.minecraft.server.MinecraftServer/]: Preparing start region for dimension minecraft:overworld
[13Sep2024 20:03:03.246] [progressListener/INFO] [net.minecraft.server.level.progress.LoggerChunkProgressListener/]: Preparing spawn area: 0%
[13Sep2024 20:03:03.369] [Server thread/INFO] [net.neoforged.neoforge.server.permission.PermissionAPI/]: Successfully initialized permission handler neoforge:default_handler
[13Sep2024 20:03:03.378] [progressListener/INFO] [net.minecraft.server.level.progress.LoggerChunkProgressListener/]: Time elapsed: 393 ms
[13Sep2024 20:03:03.464] [Server thread/INFO] [net.minecraft.client.server.IntegratedServer/]: Changing view distance to 5, from 10
[13Sep2024 20:03:03.464] [Server thread/INFO] [net.minecraft.client.server.IntegratedServer/]: Changing simulation distance to 12, from 0
[13Sep2024 20:03:04.079] [Server thread/INFO] [net.minecraft.server.players.PlayerList/]: Dev[local:E:41982815] logged in with entity id 50 at (1710.4725321668157, 74.0, -2797.2786177428857)
[13Sep2024 20:03:04.133] [Server thread/INFO] [net.minecraft.server.MinecraftServer/]: Dev joined the game
[13Sep2024 20:03:04.717] [Render thread/INFO] [net.minecraft.advancements.AdvancementTree/]: Loaded 2 advancements
[13Sep2024 20:03:04.803] [Server thread/INFO] [net.minecraft.server.MinecraftServer/]: Dev has made the advancement [Diamonds!]
[13Sep2024 20:03:04.834] [Render thread/INFO] [net.minecraft.client.gui.components.ChatComponent/]: [System] [CHAT] Dev has made the advancement [Diamonds!]
[13Sep2024 20:03:04.909] [Render thread/INFO] [net.minecraft.advancements.AdvancementTree/]: Loaded 21 advancements
[13Sep2024 20:03:05.134] [Server thread/INFO] [net.minecraft.client.server.IntegratedServer/]: Saving and pausing game...
[13Sep2024 20:03:05.155] [Server thread/INFO] [net.minecraft.server.MinecraftServer/]: Saving chunks for level 'ServerLevel[New World]'/minecraft:overworld
[13Sep2024 20:03:05.174] [Server thread/INFO] [net.minecraft.server.MinecraftServer/]: Saving chunks for level 'ServerLevel[New World]'/minecraft:the_end
[13Sep2024 20:03:05.182] [Server thread/INFO] [net.minecraft.server.MinecraftServer/]: Saving chunks for level 'ServerLevel[New World]'/minecraft:the_nether
[13Sep2024 20:03:28.561] [Server thread/INFO] [net.minecraft.server.MinecraftServer/]: [Dev: Set the time to 18000]
[13Sep2024 20:03:28.563] [Render thread/INFO] [net.minecraft.client.gui.components.ChatComponent/]: [System] [CHAT] Set the time to 18000
[13Sep2024 20:03:40.238] [Server thread/INFO] [net.minecraft.server.MinecraftServer/]: [Dev: Set the time to 1000]
[13Sep2024 20:03:40.241] [Render thread/INFO] [net.minecraft.client.gui.components.ChatComponent/]: [System] [CHAT] Set the time to 1000
[13Sep2024 20:03:44.031] [Server thread/INFO] [net.minecraft.server.MinecraftServer/]: Dev has made the advancement [Isn't It Iron Pick]
[13Sep2024 20:03:44.035] [Render thread/INFO] [net.minecraft.client.gui.components.ChatComponent/]: [System] [CHAT] Dev has made the advancement [Isn't It Iron Pick]
[13Sep2024 20:03:44.087] [Render thread/INFO] [net.minecraft.advancements.AdvancementTree/]: Loaded 23 advancements
[13Sep2024 20:03:45.077] [Server thread/INFO] [net.minecraft.server.MinecraftServer/]: Dev has made the advancement [Suit Up]
[13Sep2024 20:03:45.080] [Render thread/INFO] [net.minecraft.client.gui.components.ChatComponent/]: [System] [CHAT] Dev has made the advancement [Suit Up]
[13Sep2024 20:03:45.130] [Render thread/INFO] [net.minecraft.advancements.AdvancementTree/]: Loaded 25 advancements
[13Sep2024 20:03:48.130] [Render thread/INFO] [net.minecraft.advancements.AdvancementTree/]: Loaded 38 advancements
[13Sep2024 20:04:06.122] [Server thread/INFO] [net.minecraft.client.server.IntegratedServer/]: Saving and pausing game...
[13Sep2024 20:04:06.157] [Server thread/INFO] [net.minecraft.server.MinecraftServer/]: Saving chunks for level 'ServerLevel[New World]'/minecraft:overworld
[13Sep2024 20:04:06.185] [Server thread/INFO] [net.minecraft.server.MinecraftServer/]: Saving chunks for level 'ServerLevel[New World]'/minecraft:the_end
[13Sep2024 20:04:06.194] [Server thread/INFO] [net.minecraft.server.MinecraftServer/]: Saving chunks for level 'ServerLevel[New World]'/minecraft:the_nether
[13Sep2024 20:04:06.781] [Server thread/INFO] [net.minecraft.server.network.ServerGamePacketListenerImpl/]: Dev lost connection: Disconnected
[13Sep2024 20:04:06.781] [Server thread/INFO] [net.minecraft.server.MinecraftServer/]: Dev left the game
[13Sep2024 20:04:06.792] [Server thread/INFO] [net.minecraft.server.network.ServerCommonPacketListenerImpl/]: Stopping singleplayer server as player logged out
[13Sep2024 20:04:06.822] [Server thread/INFO] [net.minecraft.server.MinecraftServer/]: Stopping server
[13Sep2024 20:04:06.823] [Server thread/INFO] [net.minecraft.server.MinecraftServer/]: Saving players
[13Sep2024 20:04:06.823] [Server thread/INFO] [net.minecraft.server.MinecraftServer/]: Saving worlds
[13Sep2024 20:04:07.736] [Server thread/INFO] [net.minecraft.server.MinecraftServer/]: Saving chunks for level 'ServerLevel[New World]'/minecraft:overworld
[13Sep2024 20:04:07.779] [Server thread/INFO] [net.minecraft.server.MinecraftServer/]: Saving chunks for level 'ServerLevel[New World]'/minecraft:the_end
[13Sep2024 20:04:07.784] [Server thread/INFO] [net.minecraft.server.MinecraftServer/]: Saving chunks for level 'ServerLevel[New World]'/minecraft:the_nether
[13Sep2024 20:04:07.869] [Server thread/INFO] [net.minecraft.server.MinecraftServer/]: ThreadedAnvilChunkStorage (New World): All chunks are saved
[13Sep2024 20:04:07.869] [Server thread/INFO] [net.minecraft.server.MinecraftServer/]: ThreadedAnvilChunkStorage (DIM1): All chunks are saved
[13Sep2024 20:04:07.869] [Server thread/INFO] [net.minecraft.server.MinecraftServer/]: ThreadedAnvilChunkStorage (DIM-1): All chunks are saved
[13Sep2024 20:04:07.869] [Server thread/INFO] [net.minecraft.server.MinecraftServer/]: ThreadedAnvilChunkStorage: All dimensions are saved
[13Sep2024 20:04:08.584] [Render thread/INFO] [net.minecraft.client.Minecraft/]: Stopping!
